{"C:\\Users\\AC089545\\Frontend\\front-end\\src\\App.js": {"path":"C:\\Users\\AC089545\\Frontend\\front-end\\src\\App.js","statementMap":{"0":{"start":{"line":8,"column":2},"end":{"line":15,"column":3}}},"fnMap":{"0":{"name":"App","decl":{"start":{"line":7,"column":9},"end":{"line":7,"column":12}},"loc":{"start":{"line":7,"column":15},"end":{"line":16,"column":1}},"line":7}},"branchMap":{},"s":{"0":1},"f":{"0":1},"b":{},"_coverageSchema":"1a1c01bbd47fc00a2c39e90264f33305004495a9","hash":"7bb0aa2d68b455d2f5b393c3888f3e4ca8a1671b"}
,"C:\\Users\\AC089545\\Frontend\\front-end\\src\\components\\AllCategories.js": {"path":"C:\\Users\\AC089545\\Frontend\\front-end\\src\\components\\AllCategories.js","statementMap":{"0":{"start":{"line":5,"column":22},"end":{"line":30,"column":1}},"1":{"start":{"line":6,"column":48},"end":{"line":6,"column":53}},"2":{"start":{"line":7,"column":50},"end":{"line":7,"column":62}},"3":{"start":{"line":8,"column":2},"end":{"line":8,"column":27}},"4":{"start":{"line":9,"column":2},"end":{"line":29,"column":3}},"5":{"start":{"line":15,"column":12},"end":{"line":25,"column":13}}},"fnMap":{"0":{"name":"(anonymous_0)","decl":{"start":{"line":5,"column":22},"end":{"line":5,"column":23}},"loc":{"start":{"line":5,"column":31},"end":{"line":30,"column":1}},"line":5},"1":{"name":"(anonymous_1)","decl":{"start":{"line":14,"column":19},"end":{"line":14,"column":20}},"loc":{"start":{"line":14,"column":38},"end":{"line":26,"column":11}},"line":14}},"branchMap":{"0":{"loc":{"start":{"line":13,"column":7},"end":{"line":27,"column":35}},"type":"cond-expr","locations":[{"start":{"line":14,"column":10},"end":{"line":26,"column":12}},{"start":{"line":27,"column":10},"end":{"line":27,"column":35}}],"line":13}},"s":{"0":3,"1":1,"2":1,"3":1,"4":1,"5":0},"f":{"0":1,"1":0},"b":{"0":[0,1]},"_coverageSchema":"1a1c01bbd47fc00a2c39e90264f33305004495a9","hash":"c686a789921e49d549889c5cf47494e6079d245a"}
,"C:\\Users\\AC089545\\Frontend\\front-end\\src\\components\\Category.js": {"path":"C:\\Users\\AC089545\\Frontend\\front-end\\src\\components\\Category.js","statementMap":{"0":{"start":{"line":4,"column":17},"end":{"line":178,"column":1}},"1":{"start":{"line":12,"column":6},"end":{"line":12,"column":11}},"2":{"start":{"line":13,"column":31},"end":{"line":13,"column":38}},"3":{"start":{"line":15,"column":46},"end":{"line":17,"column":3}},"4":{"start":{"line":18,"column":40},"end":{"line":18,"column":55}},"5":{"start":{"line":20,"column":2},"end":{"line":22,"column":39}},"6":{"start":{"line":21,"column":4},"end":{"line":21,"column":57}},"7":{"start":{"line":24,"column":2},"end":{"line":177,"column":3}},"8":{"start":{"line":35,"column":18},"end":{"line":35,"column":46}},"9":{"start":{"line":36,"column":38},"end":{"line":36,"column":58}},"10":{"start":{"line":37,"column":18},"end":{"line":52,"column":19}},"11":{"start":{"line":39,"column":41},"end":{"line":42,"column":21}},"12":{"start":{"line":43,"column":20},"end":{"line":43,"column":50}},"13":{"start":{"line":47,"column":41},"end":{"line":49,"column":21}},"14":{"start":{"line":48,"column":29},"end":{"line":48,"column":60}},"15":{"start":{"line":50,"column":20},"end":{"line":50,"column":50}},"16":{"start":{"line":60,"column":18},"end":{"line":60,"column":52}},"17":{"start":{"line":61,"column":18},"end":{"line":61,"column":52}},"18":{"start":{"line":80,"column":18},"end":{"line":82,"column":19}},"19":{"start":{"line":81,"column":20},"end":{"line":81,"column":29}},"20":{"start":{"line":84,"column":18},"end":{"line":91,"column":19}},"21":{"start":{"line":85,"column":42},"end":{"line":85,"column":74}},"22":{"start":{"line":86,"column":20},"end":{"line":90,"column":21}},"23":{"start":{"line":87,"column":22},"end":{"line":89,"column":23}},"24":{"start":{"line":88,"column":24},"end":{"line":88,"column":55}},"25":{"start":{"line":92,"column":18},"end":{"line":169,"column":19}},"26":{"start":{"line":103,"column":52},"end":{"line":103,"column":68}},"27":{"start":{"line":107,"column":34},"end":{"line":110,"column":35}},"28":{"start":{"line":109,"column":38},"end":{"line":109,"column":81}},"29":{"start":{"line":112,"column":55},"end":{"line":112,"column":78}},"30":{"start":{"line":113,"column":50},"end":{"line":113,"column":52}},"31":{"start":{"line":114,"column":32},"end":{"line":121,"column":33}},"32":{"start":{"line":118,"column":34},"end":{"line":120,"column":35}},"33":{"start":{"line":122,"column":32},"end":{"line":150,"column":33}},"34":{"start":{"line":124,"column":55},"end":{"line":126,"column":35}},"35":{"start":{"line":127,"column":34},"end":{"line":129,"column":35}},"36":{"start":{"line":128,"column":36},"end":{"line":128,"column":70}},"37":{"start":{"line":130,"column":34},"end":{"line":130,"column":64}},"38":{"start":{"line":131,"column":34},"end":{"line":132,"column":47}},"39":{"start":{"line":133,"column":34},"end":{"line":133,"column":66}},"40":{"start":{"line":134,"column":34},"end":{"line":137,"column":35}},"41":{"start":{"line":140,"column":34},"end":{"line":143,"column":37}},"42":{"start":{"line":142,"column":48},"end":{"line":142,"column":87}},"43":{"start":{"line":145,"column":34},"end":{"line":145,"column":66}},"44":{"start":{"line":146,"column":34},"end":{"line":149,"column":35}}},"fnMap":{"0":{"name":"(anonymous_0)","decl":{"start":{"line":4,"column":17},"end":{"line":4,"column":18}},"loc":{"start":{"line":4,"column":26},"end":{"line":178,"column":1}},"line":4},"1":{"name":"(anonymous_1)","decl":{"start":{"line":20,"column":12},"end":{"line":20,"column":13}},"loc":{"start":{"line":20,"column":18},"end":{"line":22,"column":3}},"line":20},"2":{"name":"(anonymous_2)","decl":{"start":{"line":34,"column":26},"end":{"line":34,"column":27}},"loc":{"start":{"line":34,"column":31},"end":{"line":53,"column":17}},"line":34},"3":{"name":"(anonymous_3)","decl":{"start":{"line":48,"column":22},"end":{"line":48,"column":23}},"loc":{"start":{"line":48,"column":29},"end":{"line":48,"column":60}},"line":48},"4":{"name":"(anonymous_4)","decl":{"start":{"line":59,"column":25},"end":{"line":59,"column":26}},"loc":{"start":{"line":59,"column":31},"end":{"line":62,"column":17}},"line":59},"5":{"name":"(anonymous_5)","decl":{"start":{"line":79,"column":37},"end":{"line":79,"column":38}},"loc":{"start":{"line":79,"column":54},"end":{"line":170,"column":17}},"line":79},"6":{"name":"(anonymous_6)","decl":{"start":{"line":102,"column":40},"end":{"line":102,"column":41}},"loc":{"start":{"line":102,"column":45},"end":{"line":151,"column":31}},"line":102},"7":{"name":"(anonymous_7)","decl":{"start":{"line":108,"column":36},"end":{"line":108,"column":37}},"loc":{"start":{"line":109,"column":38},"end":{"line":109,"column":81}},"line":109},"8":{"name":"(anonymous_8)","decl":{"start":{"line":142,"column":38},"end":{"line":142,"column":39}},"loc":{"start":{"line":142,"column":48},"end":{"line":142,"column":87}},"line":142}},"branchMap":{"0":{"loc":{"start":{"line":37,"column":18},"end":{"line":52,"column":19}},"type":"if","locations":[{"start":{"line":37,"column":18},"end":{"line":52,"column":19}},{"start":{"line":37,"column":18},"end":{"line":52,"column":19}}],"line":37},"1":{"loc":{"start":{"line":80,"column":18},"end":{"line":82,"column":19}},"type":"if","locations":[{"start":{"line":80,"column":18},"end":{"line":82,"column":19}},{"start":{"line":80,"column":18},"end":{"line":82,"column":19}}],"line":80},"2":{"loc":{"start":{"line":84,"column":18},"end":{"line":91,"column":19}},"type":"if","locations":[{"start":{"line":84,"column":18},"end":{"line":91,"column":19}},{"start":{"line":84,"column":18},"end":{"line":91,"column":19}}],"line":84},"3":{"loc":{"start":{"line":86,"column":20},"end":{"line":90,"column":21}},"type":"if","locations":[{"start":{"line":86,"column":20},"end":{"line":90,"column":21}},{"start":{"line":86,"column":20},"end":{"line":90,"column":21}}],"line":86},"4":{"loc":{"start":{"line":87,"column":22},"end":{"line":89,"column":23}},"type":"if","locations":[{"start":{"line":87,"column":22},"end":{"line":89,"column":23}},{"start":{"line":87,"column":22},"end":{"line":89,"column":23}}],"line":87},"5":{"loc":{"start":{"line":114,"column":32},"end":{"line":121,"column":33}},"type":"if","locations":[{"start":{"line":114,"column":32},"end":{"line":121,"column":33}},{"start":{"line":114,"column":32},"end":{"line":121,"column":33}}],"line":114},"6":{"loc":{"start":{"line":122,"column":32},"end":{"line":150,"column":33}},"type":"if","locations":[{"start":{"line":122,"column":32},"end":{"line":150,"column":33}},{"start":{"line":122,"column":32},"end":{"line":150,"column":33}}],"line":122},"7":{"loc":{"start":{"line":127,"column":34},"end":{"line":129,"column":35}},"type":"if","locations":[{"start":{"line":127,"column":34},"end":{"line":129,"column":35}},{"start":{"line":127,"column":34},"end":{"line":129,"column":35}}],"line":127},"8":{"loc":{"start":{"line":160,"column":29},"end":{"line":164,"column":29}},"type":"binary-expr","locations":[{"start":{"line":160,"column":29},"end":{"line":160,"column":53}},{"start":{"line":161,"column":30},"end":{"line":163,"column":37}}],"line":160}},"s":{"0":3,"1":0,"2":0,"3":0,"4":0,"5":0,"6":0,"7":0,"8":0,"9":0,"10":0,"11":0,"12":0,"13":0,"14":0,"15":0,"16":0,"17":0,"18":0,"19":0,"20":0,"21":0,"22":0,"23":0,"24":0,"25":0,"26":0,"27":0,"28":0,"29":0,"30":0,"31":0,"32":0,"33":0,"34":0,"35":0,"36":0,"37":0,"38":0,"39":0,"40":0,"41":0,"42":0,"43":0,"44":0},"f":{"0":0,"1":0,"2":0,"3":0,"4":0,"5":0,"6":0,"7":0,"8":0},"b":{"0":[0,0],"1":[0,0],"2":[0,0],"3":[0,0],"4":[0,0],"5":[0,0],"6":[0,0],"7":[0,0],"8":[0,0]},"_coverageSchema":"1a1c01bbd47fc00a2c39e90264f33305004495a9","hash":"8925e58feb5d0540c2339f5f2ecae6a9b5d7d3e3"}
,"C:\\Users\\AC089545\\Frontend\\front-end\\src\\components\\Child.jsx": {"path":"C:\\Users\\AC089545\\Frontend\\front-end\\src\\components\\Child.jsx","statementMap":{"0":{"start":{"line":3,"column":21},"end":{"line":33,"column":1}},"1":{"start":{"line":4,"column":29},"end":{"line":4,"column":34}},"2":{"start":{"line":6,"column":2},"end":{"line":8,"column":3}},"3":{"start":{"line":7,"column":4},"end":{"line":7,"column":35}},"4":{"start":{"line":10,"column":2},"end":{"line":32,"column":3}}},"fnMap":{"0":{"name":"(anonymous_0)","decl":{"start":{"line":3,"column":21},"end":{"line":3,"column":22}},"loc":{"start":{"line":3,"column":30},"end":{"line":33,"column":1}},"line":3}},"branchMap":{"0":{"loc":{"start":{"line":6,"column":2},"end":{"line":8,"column":3}},"type":"if","locations":[{"start":{"line":6,"column":2},"end":{"line":8,"column":3}},{"start":{"line":6,"column":2},"end":{"line":8,"column":3}}],"line":6}},"s":{"0":3,"1":2,"2":2,"3":1,"4":1},"f":{"0":2},"b":{"0":[1,1]},"_coverageSchema":"1a1c01bbd47fc00a2c39e90264f33305004495a9","hash":"50ebf621d1082cd1f2d96eed649d451afc3487ed"}
,"C:\\Users\\AC089545\\Frontend\\front-end\\src\\components\\Main.jsx": {"path":"C:\\Users\\AC089545\\Frontend\\front-end\\src\\components\\Main.jsx","statementMap":{"0":{"start":{"line":12,"column":4},"end":{"line":12,"column":16}},"1":{"start":{"line":13,"column":4},"end":{"line":22,"column":5}},"2":{"start":{"line":24,"column":26},"end":{"line":26,"column":3}},"3":{"start":{"line":25,"column":4},"end":{"line":25,"column":44}},"4":{"start":{"line":29,"column":4},"end":{"line":34,"column":62}},"5":{"start":{"line":32,"column":8},"end":{"line":32,"column":62}},"6":{"start":{"line":34,"column":20},"end":{"line":34,"column":61}},"7":{"start":{"line":38,"column":4},"end":{"line":38,"column":29}},"8":{"start":{"line":39,"column":4},"end":{"line":56,"column":67}},"9":{"start":{"line":54,"column":8},"end":{"line":54,"column":57}},"10":{"start":{"line":56,"column":22},"end":{"line":56,"column":66}},"11":{"start":{"line":60,"column":4},"end":{"line":66,"column":5}},"12":{"start":{"line":61,"column":6},"end":{"line":61,"column":43}},"13":{"start":{"line":63,"column":6},"end":{"line":65,"column":14}},"14":{"start":{"line":64,"column":8},"end":{"line":64,"column":55}},"15":{"start":{"line":69,"column":4},"end":{"line":69,"column":39}},"16":{"start":{"line":73,"column":18},"end":{"line":73,"column":20}},"17":{"start":{"line":74,"column":4},"end":{"line":76,"column":5}},"18":{"start":{"line":75,"column":6},"end":{"line":75,"column":57}},"19":{"start":{"line":78,"column":16},"end":{"line":78,"column":18}},"20":{"start":{"line":79,"column":4},"end":{"line":81,"column":5}},"21":{"start":{"line":80,"column":6},"end":{"line":80,"column":71}},"22":{"start":{"line":84,"column":24},"end":{"line":84,"column":26}},"23":{"start":{"line":85,"column":4},"end":{"line":87,"column":5}},"24":{"start":{"line":86,"column":6},"end":{"line":86,"column":59}},"25":{"start":{"line":90,"column":24},"end":{"line":90,"column":26}},"26":{"start":{"line":91,"column":4},"end":{"line":93,"column":5}},"27":{"start":{"line":92,"column":6},"end":{"line":92,"column":46}},"28":{"start":{"line":94,"column":20},"end":{"line":96,"column":5}},"29":{"start":{"line":98,"column":4},"end":{"line":225,"column":5}},"30":{"start":{"line":126,"column":12},"end":{"line":130,"column":13}},"31":{"start":{"line":128,"column":14},"end":{"line":128,"column":39}},"32":{"start":{"line":129,"column":14},"end":{"line":129,"column":23}},"33":{"start":{"line":131,"column":13},"end":{"line":131,"column":37}},"34":{"start":{"line":156,"column":20},"end":{"line":165,"column":21}},"35":{"start":{"line":160,"column":26},"end":{"line":160,"column":48}},"36":{"start":{"line":197,"column":18},"end":{"line":211,"column":19}},"37":{"start":{"line":198,"column":20},"end":{"line":210,"column":21}},"38":{"start":{"line":199,"column":22},"end":{"line":209,"column":23}},"39":{"start":{"line":200,"column":24},"end":{"line":200,"column":50}},"40":{"start":{"line":202,"column":35},"end":{"line":205,"column":25}},"41":{"start":{"line":207,"column":24},"end":{"line":207,"column":51}},"42":{"start":{"line":208,"column":24},"end":{"line":208,"column":46}}},"fnMap":{"0":{"name":"(anonymous_0)","decl":{"start":{"line":11,"column":2},"end":{"line":11,"column":3}},"loc":{"start":{"line":11,"column":21},"end":{"line":23,"column":3}},"line":11},"1":{"name":"(anonymous_1)","decl":{"start":{"line":24,"column":26},"end":{"line":24,"column":27}},"loc":{"start":{"line":24,"column":36},"end":{"line":26,"column":3}},"line":24},"2":{"name":"(anonymous_2)","decl":{"start":{"line":27,"column":2},"end":{"line":27,"column":3}},"loc":{"start":{"line":27,"column":17},"end":{"line":35,"column":3}},"line":27},"3":{"name":"(anonymous_3)","decl":{"start":{"line":31,"column":12},"end":{"line":31,"column":13}},"loc":{"start":{"line":31,"column":24},"end":{"line":33,"column":7}},"line":31},"4":{"name":"(anonymous_4)","decl":{"start":{"line":34,"column":13},"end":{"line":34,"column":14}},"loc":{"start":{"line":34,"column":20},"end":{"line":34,"column":61}},"line":34},"5":{"name":"(anonymous_5)","decl":{"start":{"line":37,"column":2},"end":{"line":37,"column":3}},"loc":{"start":{"line":37,"column":26},"end":{"line":57,"column":3}},"line":37},"6":{"name":"(anonymous_6)","decl":{"start":{"line":53,"column":12},"end":{"line":53,"column":13}},"loc":{"start":{"line":53,"column":24},"end":{"line":55,"column":7}},"line":53},"7":{"name":"(anonymous_7)","decl":{"start":{"line":56,"column":13},"end":{"line":56,"column":14}},"loc":{"start":{"line":56,"column":22},"end":{"line":56,"column":66}},"line":56},"8":{"name":"(anonymous_8)","decl":{"start":{"line":59,"column":2},"end":{"line":59,"column":3}},"loc":{"start":{"line":59,"column":22},"end":{"line":67,"column":3}},"line":59},"9":{"name":"(anonymous_9)","decl":{"start":{"line":63,"column":17},"end":{"line":63,"column":18}},"loc":{"start":{"line":63,"column":23},"end":{"line":65,"column":7}},"line":63},"10":{"name":"(anonymous_10)","decl":{"start":{"line":68,"column":2},"end":{"line":68,"column":3}},"loc":{"start":{"line":68,"column":22},"end":{"line":70,"column":3}},"line":68},"11":{"name":"(anonymous_11)","decl":{"start":{"line":71,"column":2},"end":{"line":71,"column":3}},"loc":{"start":{"line":71,"column":11},"end":{"line":226,"column":3}},"line":71},"12":{"name":"(anonymous_12)","decl":{"start":{"line":125,"column":29},"end":{"line":125,"column":30}},"loc":{"start":{"line":125,"column":47},"end":{"line":132,"column":11}},"line":125},"13":{"name":"(anonymous_13)","decl":{"start":{"line":155,"column":37},"end":{"line":155,"column":38}},"loc":{"start":{"line":155,"column":53},"end":{"line":166,"column":19}},"line":155},"14":{"name":"(anonymous_14)","decl":{"start":{"line":159,"column":33},"end":{"line":159,"column":34}},"loc":{"start":{"line":159,"column":39},"end":{"line":161,"column":25}},"line":159},"15":{"name":"(anonymous_15)","decl":{"start":{"line":196,"column":25},"end":{"line":196,"column":26}},"loc":{"start":{"line":196,"column":31},"end":{"line":212,"column":17}},"line":196}},"branchMap":{"0":{"loc":{"start":{"line":60,"column":4},"end":{"line":66,"column":5}},"type":"if","locations":[{"start":{"line":60,"column":4},"end":{"line":66,"column":5}},{"start":{"line":60,"column":4},"end":{"line":66,"column":5}}],"line":60},"1":{"loc":{"start":{"line":74,"column":4},"end":{"line":76,"column":5}},"type":"if","locations":[{"start":{"line":74,"column":4},"end":{"line":76,"column":5}},{"start":{"line":74,"column":4},"end":{"line":76,"column":5}}],"line":74},"2":{"loc":{"start":{"line":79,"column":4},"end":{"line":81,"column":5}},"type":"if","locations":[{"start":{"line":79,"column":4},"end":{"line":81,"column":5}},{"start":{"line":79,"column":4},"end":{"line":81,"column":5}}],"line":79},"3":{"loc":{"start":{"line":85,"column":4},"end":{"line":87,"column":5}},"type":"if","locations":[{"start":{"line":85,"column":4},"end":{"line":87,"column":5}},{"start":{"line":85,"column":4},"end":{"line":87,"column":5}}],"line":85},"4":{"loc":{"start":{"line":91,"column":4},"end":{"line":93,"column":5}},"type":"if","locations":[{"start":{"line":91,"column":4},"end":{"line":93,"column":5}},{"start":{"line":91,"column":4},"end":{"line":93,"column":5}}],"line":91},"5":{"loc":{"start":{"line":110,"column":15},"end":{"line":121,"column":13}},"type":"cond-expr","locations":[{"start":{"line":113,"column":14},"end":{"line":117,"column":22}},{"start":{"line":120,"column":14},"end":{"line":120,"column":25}}],"line":110},"6":{"loc":{"start":{"line":126,"column":12},"end":{"line":130,"column":13}},"type":"if","locations":[{"start":{"line":126,"column":12},"end":{"line":130,"column":13}},{"start":{"line":126,"column":12},"end":{"line":130,"column":13}}],"line":126},"7":{"loc":{"start":{"line":134,"column":11},"end":{"line":142,"column":11}},"type":"cond-expr","locations":[{"start":{"line":136,"column":15},"end":{"line":139,"column":23}},{"start":{"line":141,"column":16},"end":{"line":141,"column":18}}],"line":134},"8":{"loc":{"start":{"line":146,"column":11},"end":{"line":174,"column":13}},"type":"cond-expr","locations":[{"start":{"line":149,"column":14},"end":{"line":171,"column":23}},{"start":{"line":173,"column":14},"end":{"line":173,"column":25}}],"line":146},"9":{"loc":{"start":{"line":146,"column":11},"end":{"line":147,"column":36}},"type":"binary-expr","locations":[{"start":{"line":146,"column":11},"end":{"line":146,"column":51}},{"start":{"line":147,"column":12},"end":{"line":147,"column":36}}],"line":146},"10":{"loc":{"start":{"line":153,"column":15},"end":{"line":170,"column":15}},"type":"cond-expr","locations":[{"start":{"line":154,"column":16},"end":{"line":167,"column":32}},{"start":{"line":169,"column":16},"end":{"line":169,"column":18}}],"line":153},"11":{"loc":{"start":{"line":180,"column":13},"end":{"line":187,"column":15}},"type":"binary-expr","locations":[{"start":{"line":180,"column":13},"end":{"line":180,"column":32}},{"start":{"line":181,"column":14},"end":{"line":181,"column":54}},{"start":{"line":182,"column":16},"end":{"line":186,"column":18}}],"line":180},"12":{"loc":{"start":{"line":192,"column":13},"end":{"line":220,"column":15}},"type":"cond-expr","locations":[{"start":{"line":194,"column":16},"end":{"line":217,"column":23}},{"start":{"line":219,"column":16},"end":{"line":219,"column":27}}],"line":192},"13":{"loc":{"start":{"line":197,"column":18},"end":{"line":211,"column":19}},"type":"if","locations":[{"start":{"line":197,"column":18},"end":{"line":211,"column":19}},{"start":{"line":197,"column":18},"end":{"line":211,"column":19}}],"line":197},"14":{"loc":{"start":{"line":198,"column":20},"end":{"line":210,"column":21}},"type":"if","locations":[{"start":{"line":198,"column":20},"end":{"line":210,"column":21}},{"start":{"line":198,"column":20},"end":{"line":210,"column":21}}],"line":198},"15":{"loc":{"start":{"line":199,"column":22},"end":{"line":209,"column":23}},"type":"if","locations":[{"start":{"line":199,"column":22},"end":{"line":209,"column":23}},{"start":{"line":199,"column":22},"end":{"line":209,"column":23}}],"line":199}},"s":{"0":1,"1":1,"2":1,"3":0,"4":1,"5":0,"6":0,"7":0,"8":0,"9":0,"10":0,"11":1,"12":1,"13":0,"14":0,"15":0,"16":1,"17":1,"18":0,"19":1,"20":1,"21":0,"22":1,"23":1,"24":0,"25":1,"26":1,"27":0,"28":1,"29":1,"30":0,"31":0,"32":0,"33":0,"34":0,"35":0,"36":0,"37":0,"38":0,"39":0,"40":0,"41":0,"42":0},"f":{"0":1,"1":0,"2":1,"3":0,"4":0,"5":0,"6":0,"7":0,"8":1,"9":0,"10":0,"11":1,"12":0,"13":0,"14":0,"15":0},"b":{"0":[1,0],"1":[0,1],"2":[0,1],"3":[0,1],"4":[0,1],"5":[0,1],"6":[0,0],"7":[0,1],"8":[1,0],"9":[1,0],"10":[0,1],"11":[1,0,0],"12":[1,0],"13":[0,0],"14":[0,0],"15":[0,0]},"_coverageSchema":"1a1c01bbd47fc00a2c39e90264f33305004495a9","hash":"f1f740e82f57fdeaddc6d3d55ca26ddccca8b71e"}
,"C:\\Users\\AC089545\\Frontend\\front-end\\src\\components\\error.jsx": {"path":"C:\\Users\\AC089545\\Frontend\\front-end\\src\\components\\error.jsx","statementMap":{"0":{"start":{"line":2,"column":14},"end":{"line":10,"column":1}},"1":{"start":{"line":3,"column":2},"end":{"line":9,"column":3}}},"fnMap":{"0":{"name":"(anonymous_0)","decl":{"start":{"line":2,"column":14},"end":{"line":2,"column":15}},"loc":{"start":{"line":2,"column":20},"end":{"line":10,"column":1}},"line":2}},"branchMap":{},"s":{"0":1,"1":1},"f":{"0":1},"b":{},"_coverageSchema":"1a1c01bbd47fc00a2c39e90264f33305004495a9","hash":"33515fe44698389a90a35014ad5505ef26724790"}
,"C:\\Users\\AC089545\\Frontend\\front-end\\src\\components\\Patient\\Patient.jsx": {"path":"C:\\Users\\AC089545\\Frontend\\front-end\\src\\components\\Patient\\Patient.jsx","statementMap":{"0":{"start":{"line":3,"column":23},"end":{"line":33,"column":1}},"1":{"start":{"line":4,"column":31},"end":{"line":4,"column":36}},"2":{"start":{"line":6,"column":2},"end":{"line":8,"column":3}},"3":{"start":{"line":7,"column":4},"end":{"line":7,"column":35}},"4":{"start":{"line":10,"column":1},"end":{"line":32,"column":3}}},"fnMap":{"0":{"name":"(anonymous_0)","decl":{"start":{"line":3,"column":23},"end":{"line":3,"column":24}},"loc":{"start":{"line":3,"column":32},"end":{"line":33,"column":1}},"line":3}},"branchMap":{"0":{"loc":{"start":{"line":6,"column":2},"end":{"line":8,"column":3}},"type":"if","locations":[{"start":{"line":6,"column":2},"end":{"line":8,"column":3}},{"start":{"line":6,"column":2},"end":{"line":8,"column":3}}],"line":6}},"s":{"0":3,"1":3,"2":3,"3":1,"4":2},"f":{"0":3},"b":{"0":[1,2]},"_coverageSchema":"1a1c01bbd47fc00a2c39e90264f33305004495a9","hash":"26992b7879226d74e9bf4e212a6169ef7e248a2d"}
,"C:\\Users\\AC089545\\Frontend\\front-end\\src\\components\\Patient\\index.jsx": {"path":"C:\\Users\\AC089545\\Frontend\\front-end\\src\\components\\Patient\\index.jsx","statementMap":{},"fnMap":{},"branchMap":{},"s":{},"f":{},"b":{},"_coverageSchema":"1a1c01bbd47fc00a2c39e90264f33305004495a9","hash":"b2d48cbd7c93f16bf9f25d521ac9f6f0da5c4280"}
}
