{"C:\\Users\\AC089545\\Frontend\\front-end\\src\\App.js": {"path":"C:\\Users\\AC089545\\Frontend\\front-end\\src\\App.js","statementMap":{"0":{"start":{"line":8,"column":2},"end":{"line":15,"column":3}}},"fnMap":{"0":{"name":"App","decl":{"start":{"line":7,"column":9},"end":{"line":7,"column":12}},"loc":{"start":{"line":7,"column":15},"end":{"line":16,"column":1}},"line":7}},"branchMap":{},"s":{"0":1},"f":{"0":1},"b":{},"_coverageSchema":"1a1c01bbd47fc00a2c39e90264f33305004495a9","hash":"7bb0aa2d68b455d2f5b393c3888f3e4ca8a1671b"}
,"C:\\Users\\AC089545\\Frontend\\front-end\\src\\components\\AllCategories.js": {"path":"C:\\Users\\AC089545\\Frontend\\front-end\\src\\components\\AllCategories.js","statementMap":{"0":{"start":{"line":5,"column":22},"end":{"line":30,"column":1}},"1":{"start":{"line":6,"column":48},"end":{"line":6,"column":53}},"2":{"start":{"line":7,"column":50},"end":{"line":7,"column":62}},"3":{"start":{"line":8,"column":2},"end":{"line":8,"column":27}},"4":{"start":{"line":9,"column":2},"end":{"line":29,"column":3}},"5":{"start":{"line":15,"column":12},"end":{"line":25,"column":13}}},"fnMap":{"0":{"name":"(anonymous_0)","decl":{"start":{"line":5,"column":22},"end":{"line":5,"column":23}},"loc":{"start":{"line":5,"column":31},"end":{"line":30,"column":1}},"line":5},"1":{"name":"(anonymous_1)","decl":{"start":{"line":14,"column":19},"end":{"line":14,"column":20}},"loc":{"start":{"line":14,"column":38},"end":{"line":26,"column":11}},"line":14}},"branchMap":{"0":{"loc":{"start":{"line":13,"column":7},"end":{"line":27,"column":35}},"type":"cond-expr","locations":[{"start":{"line":14,"column":10},"end":{"line":26,"column":12}},{"start":{"line":27,"column":10},"end":{"line":27,"column":35}}],"line":13}},"s":{"0":3,"1":6,"2":6,"3":6,"4":6,"5":10},"f":{"0":6,"1":10},"b":{"0":[5,1]},"_coverageSchema":"1a1c01bbd47fc00a2c39e90264f33305004495a9","hash":"c686a789921e49d549889c5cf47494e6079d245a"}
,"C:\\Users\\AC089545\\Frontend\\front-end\\src\\components\\ApiError.jsx": {"path":"C:\\Users\\AC089545\\Frontend\\front-end\\src\\components\\ApiError.jsx","statementMap":{"0":{"start":{"line":1,"column":24},"end":{"line":7,"column":1}},"1":{"start":{"line":2,"column":24},"end":{"line":2,"column":29}},"2":{"start":{"line":4,"column":4},"end":{"line":6,"column":5}},"3":{"start":{"line":5,"column":6},"end":{"line":5,"column":33}}},"fnMap":{"0":{"name":"(anonymous_0)","decl":{"start":{"line":1,"column":24},"end":{"line":1,"column":25}},"loc":{"start":{"line":1,"column":33},"end":{"line":7,"column":1}},"line":1}},"branchMap":{"0":{"loc":{"start":{"line":4,"column":4},"end":{"line":6,"column":5}},"type":"if","locations":[{"start":{"line":4,"column":4},"end":{"line":6,"column":5}},{"start":{"line":4,"column":4},"end":{"line":6,"column":5}}],"line":4}},"s":{"0":2,"1":0,"2":0,"3":0},"f":{"0":0},"b":{"0":[0,0]},"_coverageSchema":"1a1c01bbd47fc00a2c39e90264f33305004495a9","hash":"617de3a4d717d255253a58664ec16be8b1fcb8d7"}
,"C:\\Users\\AC089545\\Frontend\\front-end\\src\\components\\Category.js": {"path":"C:\\Users\\AC089545\\Frontend\\front-end\\src\\components\\Category.js","statementMap":{"0":{"start":{"line":4,"column":17},"end":{"line":185,"column":1}},"1":{"start":{"line":12,"column":6},"end":{"line":12,"column":11}},"2":{"start":{"line":13,"column":31},"end":{"line":13,"column":38}},"3":{"start":{"line":15,"column":46},"end":{"line":17,"column":3}},"4":{"start":{"line":18,"column":40},"end":{"line":18,"column":55}},"5":{"start":{"line":20,"column":2},"end":{"line":22,"column":39}},"6":{"start":{"line":21,"column":4},"end":{"line":21,"column":57}},"7":{"start":{"line":24,"column":2},"end":{"line":184,"column":3}},"8":{"start":{"line":36,"column":18},"end":{"line":36,"column":46}},"9":{"start":{"line":37,"column":38},"end":{"line":37,"column":58}},"10":{"start":{"line":38,"column":18},"end":{"line":53,"column":19}},"11":{"start":{"line":40,"column":41},"end":{"line":43,"column":21}},"12":{"start":{"line":44,"column":20},"end":{"line":44,"column":50}},"13":{"start":{"line":48,"column":41},"end":{"line":50,"column":21}},"14":{"start":{"line":49,"column":29},"end":{"line":49,"column":60}},"15":{"start":{"line":51,"column":20},"end":{"line":51,"column":50}},"16":{"start":{"line":61,"column":18},"end":{"line":61,"column":52}},"17":{"start":{"line":62,"column":18},"end":{"line":62,"column":52}},"18":{"start":{"line":81,"column":18},"end":{"line":83,"column":19}},"19":{"start":{"line":82,"column":20},"end":{"line":82,"column":29}},"20":{"start":{"line":85,"column":18},"end":{"line":93,"column":19}},"21":{"start":{"line":86,"column":42},"end":{"line":86,"column":74}},"22":{"start":{"line":88,"column":20},"end":{"line":92,"column":21}},"23":{"start":{"line":89,"column":22},"end":{"line":91,"column":23}},"24":{"start":{"line":90,"column":24},"end":{"line":90,"column":55}},"25":{"start":{"line":94,"column":18},"end":{"line":176,"column":19}},"26":{"start":{"line":110,"column":52},"end":{"line":110,"column":68}},"27":{"start":{"line":114,"column":34},"end":{"line":117,"column":35}},"28":{"start":{"line":116,"column":38},"end":{"line":116,"column":81}},"29":{"start":{"line":119,"column":55},"end":{"line":119,"column":78}},"30":{"start":{"line":120,"column":50},"end":{"line":120,"column":52}},"31":{"start":{"line":121,"column":32},"end":{"line":128,"column":33}},"32":{"start":{"line":125,"column":34},"end":{"line":127,"column":35}},"33":{"start":{"line":129,"column":32},"end":{"line":157,"column":33}},"34":{"start":{"line":131,"column":55},"end":{"line":133,"column":35}},"35":{"start":{"line":134,"column":34},"end":{"line":136,"column":35}},"36":{"start":{"line":135,"column":36},"end":{"line":135,"column":70}},"37":{"start":{"line":137,"column":34},"end":{"line":137,"column":64}},"38":{"start":{"line":138,"column":34},"end":{"line":139,"column":47}},"39":{"start":{"line":140,"column":34},"end":{"line":140,"column":66}},"40":{"start":{"line":141,"column":35},"end":{"line":144,"column":35}},"41":{"start":{"line":147,"column":34},"end":{"line":150,"column":37}},"42":{"start":{"line":149,"column":48},"end":{"line":149,"column":87}},"43":{"start":{"line":152,"column":34},"end":{"line":152,"column":66}},"44":{"start":{"line":153,"column":34},"end":{"line":156,"column":35}}},"fnMap":{"0":{"name":"(anonymous_0)","decl":{"start":{"line":4,"column":17},"end":{"line":4,"column":18}},"loc":{"start":{"line":4,"column":26},"end":{"line":185,"column":1}},"line":4},"1":{"name":"(anonymous_1)","decl":{"start":{"line":20,"column":12},"end":{"line":20,"column":13}},"loc":{"start":{"line":20,"column":18},"end":{"line":22,"column":3}},"line":20},"2":{"name":"(anonymous_2)","decl":{"start":{"line":35,"column":26},"end":{"line":35,"column":27}},"loc":{"start":{"line":35,"column":31},"end":{"line":54,"column":17}},"line":35},"3":{"name":"(anonymous_3)","decl":{"start":{"line":49,"column":22},"end":{"line":49,"column":23}},"loc":{"start":{"line":49,"column":29},"end":{"line":49,"column":60}},"line":49},"4":{"name":"(anonymous_4)","decl":{"start":{"line":60,"column":25},"end":{"line":60,"column":26}},"loc":{"start":{"line":60,"column":31},"end":{"line":63,"column":17}},"line":60},"5":{"name":"(anonymous_5)","decl":{"start":{"line":80,"column":37},"end":{"line":80,"column":38}},"loc":{"start":{"line":80,"column":54},"end":{"line":177,"column":17}},"line":80},"6":{"name":"(anonymous_6)","decl":{"start":{"line":109,"column":40},"end":{"line":109,"column":41}},"loc":{"start":{"line":109,"column":45},"end":{"line":158,"column":31}},"line":109},"7":{"name":"(anonymous_7)","decl":{"start":{"line":115,"column":36},"end":{"line":115,"column":37}},"loc":{"start":{"line":116,"column":38},"end":{"line":116,"column":81}},"line":116},"8":{"name":"(anonymous_8)","decl":{"start":{"line":149,"column":38},"end":{"line":149,"column":39}},"loc":{"start":{"line":149,"column":48},"end":{"line":149,"column":87}},"line":149}},"branchMap":{"0":{"loc":{"start":{"line":38,"column":18},"end":{"line":53,"column":19}},"type":"if","locations":[{"start":{"line":38,"column":18},"end":{"line":53,"column":19}},{"start":{"line":38,"column":18},"end":{"line":53,"column":19}}],"line":38},"1":{"loc":{"start":{"line":81,"column":18},"end":{"line":83,"column":19}},"type":"if","locations":[{"start":{"line":81,"column":18},"end":{"line":83,"column":19}},{"start":{"line":81,"column":18},"end":{"line":83,"column":19}}],"line":81},"2":{"loc":{"start":{"line":85,"column":18},"end":{"line":93,"column":19}},"type":"if","locations":[{"start":{"line":85,"column":18},"end":{"line":93,"column":19}},{"start":{"line":85,"column":18},"end":{"line":93,"column":19}}],"line":85},"3":{"loc":{"start":{"line":88,"column":20},"end":{"line":92,"column":21}},"type":"if","locations":[{"start":{"line":88,"column":20},"end":{"line":92,"column":21}},{"start":{"line":88,"column":20},"end":{"line":92,"column":21}}],"line":88},"4":{"loc":{"start":{"line":89,"column":22},"end":{"line":91,"column":23}},"type":"if","locations":[{"start":{"line":89,"column":22},"end":{"line":91,"column":23}},{"start":{"line":89,"column":22},"end":{"line":91,"column":23}}],"line":89},"5":{"loc":{"start":{"line":121,"column":32},"end":{"line":128,"column":33}},"type":"if","locations":[{"start":{"line":121,"column":32},"end":{"line":128,"column":33}},{"start":{"line":121,"column":32},"end":{"line":128,"column":33}}],"line":121},"6":{"loc":{"start":{"line":129,"column":32},"end":{"line":157,"column":33}},"type":"if","locations":[{"start":{"line":129,"column":32},"end":{"line":157,"column":33}},{"start":{"line":129,"column":32},"end":{"line":157,"column":33}}],"line":129},"7":{"loc":{"start":{"line":134,"column":34},"end":{"line":136,"column":35}},"type":"if","locations":[{"start":{"line":134,"column":34},"end":{"line":136,"column":35}},{"start":{"line":134,"column":34},"end":{"line":136,"column":35}}],"line":134},"8":{"loc":{"start":{"line":167,"column":29},"end":{"line":171,"column":29}},"type":"binary-expr","locations":[{"start":{"line":167,"column":29},"end":{"line":167,"column":53}},{"start":{"line":168,"column":30},"end":{"line":170,"column":37}}],"line":167}},"s":{"0":4,"1":19,"2":19,"3":19,"4":19,"5":19,"6":9,"7":19,"8":5,"9":5,"10":5,"11":3,"12":3,"13":2,"14":2,"15":2,"16":2,"17":2,"18":30,"19":1,"20":29,"21":23,"22":23,"23":12,"24":1,"25":29,"26":2,"27":2,"28":2,"29":2,"30":2,"31":2,"32":2,"33":2,"34":1,"35":1,"36":1,"37":1,"38":1,"39":1,"40":1,"41":1,"42":1,"43":1,"44":1},"f":{"0":19,"1":9,"2":5,"3":2,"4":2,"5":30,"6":2,"7":2,"8":1},"b":{"0":[3,2],"1":[1,29],"2":[23,6],"3":[12,11],"4":[1,11],"5":[2,0],"6":[1,1],"7":[1,0],"8":[29,29]},"_coverageSchema":"1a1c01bbd47fc00a2c39e90264f33305004495a9","hash":"35b98f13fa1b42ce4c9c1d7bd3cdc4cd6cdc9683"}
,"C:\\Users\\AC089545\\Frontend\\front-end\\src\\components\\Child.jsx": {"path":"C:\\Users\\AC089545\\Frontend\\front-end\\src\\components\\Child.jsx","statementMap":{"0":{"start":{"line":3,"column":21},"end":{"line":33,"column":1}},"1":{"start":{"line":4,"column":29},"end":{"line":4,"column":34}},"2":{"start":{"line":6,"column":2},"end":{"line":8,"column":3}},"3":{"start":{"line":7,"column":4},"end":{"line":7,"column":35}},"4":{"start":{"line":10,"column":2},"end":{"line":32,"column":3}}},"fnMap":{"0":{"name":"(anonymous_0)","decl":{"start":{"line":3,"column":21},"end":{"line":3,"column":22}},"loc":{"start":{"line":3,"column":30},"end":{"line":33,"column":1}},"line":3}},"branchMap":{"0":{"loc":{"start":{"line":6,"column":2},"end":{"line":8,"column":3}},"type":"if","locations":[{"start":{"line":6,"column":2},"end":{"line":8,"column":3}},{"start":{"line":6,"column":2},"end":{"line":8,"column":3}}],"line":6}},"s":{"0":3,"1":8,"2":8,"3":3,"4":5},"f":{"0":8},"b":{"0":[3,5]},"_coverageSchema":"1a1c01bbd47fc00a2c39e90264f33305004495a9","hash":"50ebf621d1082cd1f2d96eed649d451afc3487ed"}
,"C:\\Users\\AC089545\\Frontend\\front-end\\src\\components\\Main.jsx": {"path":"C:\\Users\\AC089545\\Frontend\\front-end\\src\\components\\Main.jsx","statementMap":{"0":{"start":{"line":12,"column":4},"end":{"line":12,"column":16}},"1":{"start":{"line":13,"column":4},"end":{"line":22,"column":5}},"2":{"start":{"line":24,"column":26},"end":{"line":26,"column":3}},"3":{"start":{"line":25,"column":4},"end":{"line":25,"column":44}},"4":{"start":{"line":40,"column":4},"end":{"line":48,"column":62}},"5":{"start":{"line":43,"column":8},"end":{"line":43,"column":62}},"6":{"start":{"line":44,"column":8},"end":{"line":44,"column":29}},"7":{"start":{"line":48,"column":20},"end":{"line":48,"column":61}},"8":{"start":{"line":52,"column":4},"end":{"line":52,"column":29}},"9":{"start":{"line":53,"column":4},"end":{"line":70,"column":67}},"10":{"start":{"line":68,"column":8},"end":{"line":68,"column":57}},"11":{"start":{"line":70,"column":22},"end":{"line":70,"column":66}},"12":{"start":{"line":74,"column":4},"end":{"line":80,"column":5}},"13":{"start":{"line":75,"column":6},"end":{"line":75,"column":43}},"14":{"start":{"line":77,"column":6},"end":{"line":79,"column":14}},"15":{"start":{"line":78,"column":8},"end":{"line":78,"column":55}},"16":{"start":{"line":83,"column":4},"end":{"line":83,"column":39}},"17":{"start":{"line":87,"column":18},"end":{"line":87,"column":20}},"18":{"start":{"line":88,"column":4},"end":{"line":90,"column":5}},"19":{"start":{"line":89,"column":6},"end":{"line":89,"column":57}},"20":{"start":{"line":92,"column":16},"end":{"line":92,"column":18}},"21":{"start":{"line":93,"column":4},"end":{"line":95,"column":5}},"22":{"start":{"line":94,"column":6},"end":{"line":94,"column":71}},"23":{"start":{"line":98,"column":24},"end":{"line":98,"column":26}},"24":{"start":{"line":99,"column":4},"end":{"line":101,"column":5}},"25":{"start":{"line":100,"column":6},"end":{"line":100,"column":59}},"26":{"start":{"line":104,"column":24},"end":{"line":104,"column":26}},"27":{"start":{"line":105,"column":4},"end":{"line":107,"column":5}},"28":{"start":{"line":106,"column":6},"end":{"line":106,"column":46}},"29":{"start":{"line":108,"column":20},"end":{"line":110,"column":5}},"30":{"start":{"line":112,"column":4},"end":{"line":240,"column":5}},"31":{"start":{"line":141,"column":12},"end":{"line":145,"column":13}},"32":{"start":{"line":143,"column":14},"end":{"line":143,"column":39}},"33":{"start":{"line":144,"column":14},"end":{"line":144,"column":23}},"34":{"start":{"line":146,"column":13},"end":{"line":146,"column":37}},"35":{"start":{"line":171,"column":20},"end":{"line":180,"column":21}},"36":{"start":{"line":175,"column":26},"end":{"line":175,"column":48}},"37":{"start":{"line":212,"column":18},"end":{"line":226,"column":19}},"38":{"start":{"line":213,"column":20},"end":{"line":225,"column":21}},"39":{"start":{"line":214,"column":22},"end":{"line":224,"column":23}},"40":{"start":{"line":215,"column":24},"end":{"line":215,"column":50}},"41":{"start":{"line":217,"column":35},"end":{"line":220,"column":25}},"42":{"start":{"line":222,"column":24},"end":{"line":222,"column":51}},"43":{"start":{"line":223,"column":24},"end":{"line":223,"column":46}}},"fnMap":{"0":{"name":"(anonymous_0)","decl":{"start":{"line":11,"column":2},"end":{"line":11,"column":3}},"loc":{"start":{"line":11,"column":21},"end":{"line":23,"column":3}},"line":11},"1":{"name":"(anonymous_1)","decl":{"start":{"line":24,"column":26},"end":{"line":24,"column":27}},"loc":{"start":{"line":24,"column":36},"end":{"line":26,"column":3}},"line":24},"2":{"name":"(anonymous_2)","decl":{"start":{"line":27,"column":2},"end":{"line":27,"column":3}},"loc":{"start":{"line":27,"column":17},"end":{"line":49,"column":3}},"line":27},"3":{"name":"(anonymous_3)","decl":{"start":{"line":42,"column":12},"end":{"line":42,"column":13}},"loc":{"start":{"line":42,"column":24},"end":{"line":47,"column":7}},"line":42},"4":{"name":"(anonymous_4)","decl":{"start":{"line":48,"column":13},"end":{"line":48,"column":14}},"loc":{"start":{"line":48,"column":20},"end":{"line":48,"column":61}},"line":48},"5":{"name":"(anonymous_5)","decl":{"start":{"line":51,"column":2},"end":{"line":51,"column":3}},"loc":{"start":{"line":51,"column":26},"end":{"line":71,"column":3}},"line":51},"6":{"name":"(anonymous_6)","decl":{"start":{"line":67,"column":12},"end":{"line":67,"column":13}},"loc":{"start":{"line":67,"column":24},"end":{"line":69,"column":7}},"line":67},"7":{"name":"(anonymous_7)","decl":{"start":{"line":70,"column":13},"end":{"line":70,"column":14}},"loc":{"start":{"line":70,"column":22},"end":{"line":70,"column":66}},"line":70},"8":{"name":"(anonymous_8)","decl":{"start":{"line":73,"column":2},"end":{"line":73,"column":3}},"loc":{"start":{"line":73,"column":22},"end":{"line":81,"column":3}},"line":73},"9":{"name":"(anonymous_9)","decl":{"start":{"line":77,"column":17},"end":{"line":77,"column":18}},"loc":{"start":{"line":77,"column":23},"end":{"line":79,"column":7}},"line":77},"10":{"name":"(anonymous_10)","decl":{"start":{"line":82,"column":2},"end":{"line":82,"column":3}},"loc":{"start":{"line":82,"column":22},"end":{"line":84,"column":3}},"line":82},"11":{"name":"(anonymous_11)","decl":{"start":{"line":85,"column":2},"end":{"line":85,"column":3}},"loc":{"start":{"line":85,"column":11},"end":{"line":241,"column":3}},"line":85},"12":{"name":"(anonymous_12)","decl":{"start":{"line":140,"column":29},"end":{"line":140,"column":30}},"loc":{"start":{"line":140,"column":47},"end":{"line":147,"column":11}},"line":140},"13":{"name":"(anonymous_13)","decl":{"start":{"line":170,"column":37},"end":{"line":170,"column":38}},"loc":{"start":{"line":170,"column":53},"end":{"line":181,"column":19}},"line":170},"14":{"name":"(anonymous_14)","decl":{"start":{"line":174,"column":33},"end":{"line":174,"column":34}},"loc":{"start":{"line":174,"column":39},"end":{"line":176,"column":25}},"line":174},"15":{"name":"(anonymous_15)","decl":{"start":{"line":211,"column":25},"end":{"line":211,"column":26}},"loc":{"start":{"line":211,"column":31},"end":{"line":227,"column":17}},"line":211}},"branchMap":{"0":{"loc":{"start":{"line":74,"column":4},"end":{"line":80,"column":5}},"type":"if","locations":[{"start":{"line":74,"column":4},"end":{"line":80,"column":5}},{"start":{"line":74,"column":4},"end":{"line":80,"column":5}}],"line":74},"1":{"loc":{"start":{"line":88,"column":4},"end":{"line":90,"column":5}},"type":"if","locations":[{"start":{"line":88,"column":4},"end":{"line":90,"column":5}},{"start":{"line":88,"column":4},"end":{"line":90,"column":5}}],"line":88},"2":{"loc":{"start":{"line":93,"column":4},"end":{"line":95,"column":5}},"type":"if","locations":[{"start":{"line":93,"column":4},"end":{"line":95,"column":5}},{"start":{"line":93,"column":4},"end":{"line":95,"column":5}}],"line":93},"3":{"loc":{"start":{"line":99,"column":4},"end":{"line":101,"column":5}},"type":"if","locations":[{"start":{"line":99,"column":4},"end":{"line":101,"column":5}},{"start":{"line":99,"column":4},"end":{"line":101,"column":5}}],"line":99},"4":{"loc":{"start":{"line":105,"column":4},"end":{"line":107,"column":5}},"type":"if","locations":[{"start":{"line":105,"column":4},"end":{"line":107,"column":5}},{"start":{"line":105,"column":4},"end":{"line":107,"column":5}}],"line":105},"5":{"loc":{"start":{"line":125,"column":15},"end":{"line":136,"column":13}},"type":"cond-expr","locations":[{"start":{"line":128,"column":14},"end":{"line":132,"column":22}},{"start":{"line":135,"column":14},"end":{"line":135,"column":25}}],"line":125},"6":{"loc":{"start":{"line":141,"column":12},"end":{"line":145,"column":13}},"type":"if","locations":[{"start":{"line":141,"column":12},"end":{"line":145,"column":13}},{"start":{"line":141,"column":12},"end":{"line":145,"column":13}}],"line":141},"7":{"loc":{"start":{"line":149,"column":11},"end":{"line":157,"column":11}},"type":"cond-expr","locations":[{"start":{"line":151,"column":15},"end":{"line":154,"column":23}},{"start":{"line":156,"column":16},"end":{"line":156,"column":18}}],"line":149},"8":{"loc":{"start":{"line":161,"column":11},"end":{"line":189,"column":13}},"type":"cond-expr","locations":[{"start":{"line":164,"column":14},"end":{"line":186,"column":23}},{"start":{"line":188,"column":14},"end":{"line":188,"column":25}}],"line":161},"9":{"loc":{"start":{"line":161,"column":11},"end":{"line":162,"column":36}},"type":"binary-expr","locations":[{"start":{"line":161,"column":11},"end":{"line":161,"column":51}},{"start":{"line":162,"column":12},"end":{"line":162,"column":36}}],"line":161},"10":{"loc":{"start":{"line":168,"column":15},"end":{"line":185,"column":15}},"type":"cond-expr","locations":[{"start":{"line":169,"column":16},"end":{"line":182,"column":32}},{"start":{"line":184,"column":16},"end":{"line":184,"column":18}}],"line":168},"11":{"loc":{"start":{"line":195,"column":13},"end":{"line":202,"column":15}},"type":"binary-expr","locations":[{"start":{"line":195,"column":13},"end":{"line":195,"column":32}},{"start":{"line":196,"column":14},"end":{"line":196,"column":54}},{"start":{"line":197,"column":16},"end":{"line":201,"column":18}}],"line":195},"12":{"loc":{"start":{"line":207,"column":13},"end":{"line":235,"column":15}},"type":"cond-expr","locations":[{"start":{"line":209,"column":16},"end":{"line":232,"column":23}},{"start":{"line":234,"column":16},"end":{"line":234,"column":27}}],"line":207},"13":{"loc":{"start":{"line":212,"column":18},"end":{"line":226,"column":19}},"type":"if","locations":[{"start":{"line":212,"column":18},"end":{"line":226,"column":19}},{"start":{"line":212,"column":18},"end":{"line":226,"column":19}}],"line":212},"14":{"loc":{"start":{"line":213,"column":20},"end":{"line":225,"column":21}},"type":"if","locations":[{"start":{"line":213,"column":20},"end":{"line":225,"column":21}},{"start":{"line":213,"column":20},"end":{"line":225,"column":21}}],"line":213},"15":{"loc":{"start":{"line":214,"column":22},"end":{"line":224,"column":23}},"type":"if","locations":[{"start":{"line":214,"column":22},"end":{"line":224,"column":23}},{"start":{"line":214,"column":22},"end":{"line":224,"column":23}}],"line":214}},"s":{"0":2,"1":2,"2":2,"3":1,"4":2,"5":2,"6":2,"7":0,"8":1,"9":1,"10":1,"11":0,"12":2,"13":2,"14":0,"15":0,"16":1,"17":6,"18":6,"19":4,"20":6,"21":6,"22":4,"23":6,"24":6,"25":4,"26":6,"27":6,"28":4,"29":6,"30":6,"31":8,"32":4,"33":4,"34":4,"35":8,"36":1,"37":2,"38":2,"39":2,"40":1,"41":1,"42":1,"43":1},"f":{"0":2,"1":1,"2":2,"3":2,"4":0,"5":1,"6":1,"7":0,"8":2,"9":0,"10":1,"11":6,"12":8,"13":8,"14":1,"15":2},"b":{"0":[2,0],"1":[4,2],"2":[4,2],"3":[4,2],"4":[4,2],"5":[2,4],"6":[4,4],"7":[0,6],"8":[6,0],"9":[6,2],"10":[4,2],"11":[6,4,2],"12":[4,2],"13":[2,0],"14":[2,0],"15":[1,1]},"_coverageSchema":"1a1c01bbd47fc00a2c39e90264f33305004495a9","hash":"e009c676e0ca30a191ba86c5f96b145992265f56"}
,"C:\\Users\\AC089545\\Frontend\\front-end\\src\\components\\error.jsx": {"path":"C:\\Users\\AC089545\\Frontend\\front-end\\src\\components\\error.jsx","statementMap":{"0":{"start":{"line":2,"column":14},"end":{"line":10,"column":1}},"1":{"start":{"line":3,"column":2},"end":{"line":9,"column":3}}},"fnMap":{"0":{"name":"(anonymous_0)","decl":{"start":{"line":2,"column":14},"end":{"line":2,"column":15}},"loc":{"start":{"line":2,"column":20},"end":{"line":10,"column":1}},"line":2}},"branchMap":{},"s":{"0":1,"1":1},"f":{"0":1},"b":{},"_coverageSchema":"1a1c01bbd47fc00a2c39e90264f33305004495a9","hash":"33515fe44698389a90a35014ad5505ef26724790"}
,"C:\\Users\\AC089545\\Frontend\\front-end\\src\\components\\Patient\\Patient.jsx": {"path":"C:\\Users\\AC089545\\Frontend\\front-end\\src\\components\\Patient\\Patient.jsx","statementMap":{"0":{"start":{"line":3,"column":23},"end":{"line":33,"column":1}},"1":{"start":{"line":4,"column":31},"end":{"line":4,"column":36}},"2":{"start":{"line":6,"column":2},"end":{"line":8,"column":3}},"3":{"start":{"line":7,"column":4},"end":{"line":7,"column":35}},"4":{"start":{"line":10,"column":1},"end":{"line":32,"column":3}}},"fnMap":{"0":{"name":"(anonymous_0)","decl":{"start":{"line":3,"column":23},"end":{"line":3,"column":24}},"loc":{"start":{"line":3,"column":32},"end":{"line":33,"column":1}},"line":3}},"branchMap":{"0":{"loc":{"start":{"line":6,"column":2},"end":{"line":8,"column":3}},"type":"if","locations":[{"start":{"line":6,"column":2},"end":{"line":8,"column":3}},{"start":{"line":6,"column":2},"end":{"line":8,"column":3}}],"line":6}},"s":{"0":3,"1":8,"2":8,"3":3,"4":5},"f":{"0":8},"b":{"0":[3,5]},"_coverageSchema":"1a1c01bbd47fc00a2c39e90264f33305004495a9","hash":"26992b7879226d74e9bf4e212a6169ef7e248a2d"}
,"C:\\Users\\AC089545\\Frontend\\front-end\\src\\components\\Patient\\index.jsx": {"path":"C:\\Users\\AC089545\\Frontend\\front-end\\src\\components\\Patient\\index.jsx","statementMap":{},"fnMap":{},"branchMap":{},"s":{},"f":{},"b":{},"_coverageSchema":"1a1c01bbd47fc00a2c39e90264f33305004495a9","hash":"b2d48cbd7c93f16bf9f25d521ac9f6f0da5c4280"}
}
