TN:
SF:src\App.js
FN:7,App
FNF:1
FNH:1
FNDA:1,App
DA:8,1
LF:1
LH:1
BRF:0
BRH:0
end_of_record
TN:
SF:src\components\AllCategories.js
FN:5,(anonymous_0)
FN:14,(anonymous_1)
FNF:2
FNH:2
FNDA:6,(anonymous_0)
FNDA:10,(anonymous_1)
DA:5,3
DA:6,6
DA:7,6
DA:8,6
DA:9,6
DA:15,10
LF:6
LH:6
BRDA:13,0,0,5
BRDA:13,0,1,1
BRF:2
BRH:2
end_of_record
TN:
SF:src\components\ApiError.jsx
FN:1,(anonymous_0)
FNF:1
FNH:0
FNDA:0,(anonymous_0)
DA:1,2
DA:2,0
DA:4,0
DA:5,0
LF:4
LH:1
BRDA:4,0,0,0
BRDA:4,0,1,0
BRF:2
BRH:0
end_of_record
TN:
SF:src\components\Category.js
FN:4,(anonymous_0)
FN:20,(anonymous_1)
FN:35,(anonymous_2)
FN:49,(anonymous_3)
FN:60,(anonymous_4)
FN:80,(anonymous_5)
FN:109,(anonymous_6)
FN:115,(anonymous_7)
FN:149,(anonymous_8)
FNF:9
FNH:9
FNDA:19,(anonymous_0)
FNDA:9,(anonymous_1)
FNDA:5,(anonymous_2)
FNDA:2,(anonymous_3)
FNDA:2,(anonymous_4)
FNDA:30,(anonymous_5)
FNDA:2,(anonymous_6)
FNDA:2,(anonymous_7)
FNDA:1,(anonymous_8)
DA:4,4
DA:12,19
DA:13,19
DA:15,19
DA:18,19
DA:20,19
DA:21,9
DA:24,19
DA:36,5
DA:37,5
DA:38,5
DA:40,3
DA:44,3
DA:48,2
DA:49,2
DA:51,2
DA:61,2
DA:62,2
DA:81,30
DA:82,1
DA:85,29
DA:86,23
DA:88,23
DA:89,12
DA:90,1
DA:94,29
DA:110,2
DA:114,2
DA:116,2
DA:119,2
DA:120,2
DA:121,2
DA:125,2
DA:129,2
DA:131,1
DA:134,1
DA:135,1
DA:137,1
DA:138,1
DA:140,1
DA:141,1
DA:147,1
DA:149,1
DA:152,1
DA:153,1
LF:45
LH:45
BRDA:38,0,0,3
BRDA:38,0,1,2
BRDA:81,1,0,1
BRDA:81,1,1,29
BRDA:85,2,0,23
BRDA:85,2,1,6
BRDA:88,3,0,12
BRDA:88,3,1,11
BRDA:89,4,0,1
BRDA:89,4,1,11
BRDA:121,5,0,2
BRDA:121,5,1,0
BRDA:129,6,0,1
BRDA:129,6,1,1
BRDA:134,7,0,1
BRDA:134,7,1,0
BRDA:167,8,0,29
BRDA:167,8,1,29
BRF:18
BRH:16
end_of_record
TN:
SF:src\components\Child.jsx
FN:3,(anonymous_0)
FNF:1
FNH:1
FNDA:8,(anonymous_0)
DA:3,3
DA:4,8
DA:6,8
DA:7,3
DA:10,5
LF:5
LH:5
BRDA:6,0,0,3
BRDA:6,0,1,5
BRF:2
BRH:2
end_of_record
TN:
SF:src\components\Main.jsx
FN:11,(anonymous_0)
FN:24,(anonymous_1)
FN:27,(anonymous_2)
FN:42,(anonymous_3)
FN:48,(anonymous_4)
FN:51,(anonymous_5)
FN:67,(anonymous_6)
FN:70,(anonymous_7)
FN:73,(anonymous_8)
FN:77,(anonymous_9)
FN:82,(anonymous_10)
FN:85,(anonymous_11)
FN:140,(anonymous_12)
FN:170,(anonymous_13)
FN:174,(anonymous_14)
FN:211,(anonymous_15)
FNF:16
FNH:13
FNDA:2,(anonymous_0)
FNDA:1,(anonymous_1)
FNDA:2,(anonymous_2)
FNDA:2,(anonymous_3)
FNDA:0,(anonymous_4)
FNDA:1,(anonymous_5)
FNDA:1,(anonymous_6)
FNDA:0,(anonymous_7)
FNDA:2,(anonymous_8)
FNDA:0,(anonymous_9)
FNDA:1,(anonymous_10)
FNDA:6,(anonymous_11)
FNDA:8,(anonymous_12)
FNDA:8,(anonymous_13)
FNDA:1,(anonymous_14)
FNDA:2,(anonymous_15)
DA:12,2
DA:13,2
DA:24,2
DA:25,1
DA:40,2
DA:43,2
DA:44,2
DA:48,0
DA:52,1
DA:53,1
DA:68,1
DA:70,0
DA:74,2
DA:75,2
DA:77,0
DA:78,0
DA:83,1
DA:87,6
DA:88,6
DA:89,4
DA:92,6
DA:93,6
DA:94,4
DA:98,6
DA:99,6
DA:100,4
DA:104,6
DA:105,6
DA:106,4
DA:108,6
DA:112,6
DA:141,8
DA:143,4
DA:144,4
DA:146,4
DA:171,8
DA:175,1
DA:212,2
DA:213,2
DA:214,2
DA:215,1
DA:217,1
DA:222,1
DA:223,1
LF:44
LH:40
BRDA:74,0,0,2
BRDA:74,0,1,0
BRDA:88,1,0,4
BRDA:88,1,1,2
BRDA:93,2,0,4
BRDA:93,2,1,2
BRDA:99,3,0,4
BRDA:99,3,1,2
BRDA:105,4,0,4
BRDA:105,4,1,2
BRDA:125,5,0,2
BRDA:125,5,1,4
BRDA:141,6,0,4
BRDA:141,6,1,4
BRDA:149,7,0,0
BRDA:149,7,1,6
BRDA:161,8,0,6
BRDA:161,8,1,0
BRDA:161,9,0,6
BRDA:161,9,1,2
BRDA:168,10,0,4
BRDA:168,10,1,2
BRDA:195,11,0,6
BRDA:195,11,1,4
BRDA:195,11,2,2
BRDA:207,12,0,4
BRDA:207,12,1,2
BRDA:212,13,0,2
BRDA:212,13,1,0
BRDA:213,14,0,2
BRDA:213,14,1,0
BRDA:214,15,0,1
BRDA:214,15,1,1
BRF:33
BRH:28
end_of_record
TN:
SF:src\components\error.jsx
FN:2,(anonymous_0)
FNF:1
FNH:1
FNDA:1,(anonymous_0)
DA:2,1
DA:3,1
LF:2
LH:2
BRF:0
BRH:0
end_of_record
TN:
SF:src\components\Patient\Patient.jsx
FN:3,(anonymous_0)
FNF:1
FNH:1
FNDA:8,(anonymous_0)
DA:3,3
DA:4,8
DA:6,8
DA:7,3
DA:10,5
LF:5
LH:5
BRDA:6,0,0,3
BRDA:6,0,1,5
BRF:2
BRH:2
end_of_record
TN:
SF:src\components\Patient\index.jsx
FNF:0
FNH:0
LF:0
LH:0
BRF:0
BRH:0
end_of_record
