TN:
SF:src\App.js
FN:7,App
FNF:1
FNH:1
FNDA:1,App
DA:8,1
LF:1
LH:1
BRF:0
BRH:0
end_of_record
TN:
SF:src\components\AllCategories.js
FN:5,(anonymous_0)
FN:14,(anonymous_1)
FNF:2
FNH:1
FNDA:1,(anonymous_0)
FNDA:0,(anonymous_1)
DA:5,3
DA:6,1
DA:7,1
DA:8,1
DA:9,1
DA:15,0
LF:6
LH:5
BRDA:13,0,0,0
BRDA:13,0,1,1
BRF:2
BRH:1
end_of_record
TN:
SF:src\components\Category.js
FN:4,(anonymous_0)
FN:20,(anonymous_1)
FN:34,(anonymous_2)
FN:48,(anonymous_3)
FN:59,(anonymous_4)
FN:79,(anonymous_5)
FN:102,(anonymous_6)
FN:108,(anonymous_7)
FN:142,(anonymous_8)
FNF:9
FNH:0
FNDA:0,(anonymous_0)
FNDA:0,(anonymous_1)
FNDA:0,(anonymous_2)
FNDA:0,(anonymous_3)
FNDA:0,(anonymous_4)
FNDA:0,(anonymous_5)
FNDA:0,(anonymous_6)
FNDA:0,(anonymous_7)
FNDA:0,(anonymous_8)
DA:4,3
DA:12,0
DA:13,0
DA:15,0
DA:18,0
DA:20,0
DA:21,0
DA:24,0
DA:35,0
DA:36,0
DA:37,0
DA:39,0
DA:43,0
DA:47,0
DA:48,0
DA:50,0
DA:60,0
DA:61,0
DA:80,0
DA:81,0
DA:84,0
DA:85,0
DA:86,0
DA:87,0
DA:88,0
DA:92,0
DA:103,0
DA:107,0
DA:109,0
DA:112,0
DA:113,0
DA:114,0
DA:118,0
DA:122,0
DA:124,0
DA:127,0
DA:128,0
DA:130,0
DA:131,0
DA:133,0
DA:134,0
DA:140,0
DA:142,0
DA:145,0
DA:146,0
LF:45
LH:1
BRDA:37,0,0,0
BRDA:37,0,1,0
BRDA:80,1,0,0
BRDA:80,1,1,0
BRDA:84,2,0,0
BRDA:84,2,1,0
BRDA:86,3,0,0
BRDA:86,3,1,0
BRDA:87,4,0,0
BRDA:87,4,1,0
BRDA:114,5,0,0
BRDA:114,5,1,0
BRDA:122,6,0,0
BRDA:122,6,1,0
BRDA:127,7,0,0
BRDA:127,7,1,0
BRDA:160,8,0,0
BRDA:160,8,1,0
BRF:18
BRH:0
end_of_record
TN:
SF:src\components\Child.jsx
FN:3,(anonymous_0)
FNF:1
FNH:1
FNDA:2,(anonymous_0)
DA:3,3
DA:4,2
DA:6,2
DA:7,1
DA:10,1
LF:5
LH:5
BRDA:6,0,0,1
BRDA:6,0,1,1
BRF:2
BRH:2
end_of_record
TN:
SF:src\components\Main.jsx
FN:11,(anonymous_0)
FN:24,(anonymous_1)
FN:27,(anonymous_2)
FN:31,(anonymous_3)
FN:34,(anonymous_4)
FN:37,(anonymous_5)
FN:53,(anonymous_6)
FN:56,(anonymous_7)
FN:59,(anonymous_8)
FN:63,(anonymous_9)
FN:68,(anonymous_10)
FN:71,(anonymous_11)
FN:125,(anonymous_12)
FN:155,(anonymous_13)
FN:159,(anonymous_14)
FN:196,(anonymous_15)
FNF:16
FNH:4
FNDA:1,(anonymous_0)
FNDA:0,(anonymous_1)
FNDA:1,(anonymous_2)
FNDA:0,(anonymous_3)
FNDA:0,(anonymous_4)
FNDA:0,(anonymous_5)
FNDA:0,(anonymous_6)
FNDA:0,(anonymous_7)
FNDA:1,(anonymous_8)
FNDA:0,(anonymous_9)
FNDA:0,(anonymous_10)
FNDA:1,(anonymous_11)
FNDA:0,(anonymous_12)
FNDA:0,(anonymous_13)
FNDA:0,(anonymous_14)
FNDA:0,(anonymous_15)
DA:12,1
DA:13,1
DA:24,1
DA:25,0
DA:29,1
DA:32,0
DA:34,0
DA:38,0
DA:39,0
DA:54,0
DA:56,0
DA:60,1
DA:61,1
DA:63,0
DA:64,0
DA:69,0
DA:73,1
DA:74,1
DA:75,0
DA:78,1
DA:79,1
DA:80,0
DA:84,1
DA:85,1
DA:86,0
DA:90,1
DA:91,1
DA:92,0
DA:94,1
DA:98,1
DA:126,0
DA:128,0
DA:129,0
DA:131,0
DA:156,0
DA:160,0
DA:197,0
DA:198,0
DA:199,0
DA:200,0
DA:202,0
DA:207,0
DA:208,0
LF:43
LH:16
BRDA:60,0,0,1
BRDA:60,0,1,0
BRDA:74,1,0,0
BRDA:74,1,1,1
BRDA:79,2,0,0
BRDA:79,2,1,1
BRDA:85,3,0,0
BRDA:85,3,1,1
BRDA:91,4,0,0
BRDA:91,4,1,1
BRDA:110,5,0,0
BRDA:110,5,1,1
BRDA:126,6,0,0
BRDA:126,6,1,0
BRDA:134,7,0,0
BRDA:134,7,1,1
BRDA:146,8,0,1
BRDA:146,8,1,0
BRDA:146,9,0,1
BRDA:146,9,1,0
BRDA:153,10,0,0
BRDA:153,10,1,1
BRDA:180,11,0,1
BRDA:180,11,1,0
BRDA:180,11,2,0
BRDA:192,12,0,1
BRDA:192,12,1,0
BRDA:197,13,0,0
BRDA:197,13,1,0
BRDA:198,14,0,0
BRDA:198,14,1,0
BRDA:199,15,0,0
BRDA:199,15,1,0
BRF:33
BRH:12
end_of_record
TN:
SF:src\components\error.jsx
FN:2,(anonymous_0)
FNF:1
FNH:1
FNDA:1,(anonymous_0)
DA:2,1
DA:3,1
LF:2
LH:2
BRF:0
BRH:0
end_of_record
TN:
SF:src\components\Patient\Patient.jsx
FN:3,(anonymous_0)
FNF:1
FNH:1
FNDA:3,(anonymous_0)
DA:3,3
DA:4,3
DA:6,3
DA:7,1
DA:10,2
LF:5
LH:5
BRDA:6,0,0,1
BRDA:6,0,1,2
BRF:2
BRH:2
end_of_record
TN:
SF:src\components\Patient\index.jsx
FNF:0
FNH:0
LF:0
LH:0
BRF:0
BRH:0
end_of_record
